Om_b h^2             =  0.022220
Om_c h^2             =  0.119900
Om_nu h^2            =  0.000000
Om_Lambda            =  0.685847
Om_K                 =  0.000000
Om_m (1-Om_K-Om_L)   =  0.314153
100 theta (CosmoMC)  =  1.039599
Age of universe/GYr  =  13.830
zstar                =  1090.13
r_s(zstar)/Mpc       =  144.61
100*theta            =  1.039746
DA(zstar)/Gpc        =  13.90776
zdrag                =  1059.59
r_s(zdrag)/Mpc       =  147.32
k_D(zstar) Mpc       =  0.1405
100*theta_D          =  0.160724
z_EQ (if v_nu=1)     =  3398.97
k_EQ Mpc (if v_nu=1) =  0.010370
100*theta_EQ         =  0.812368
100*theta_rs_EQ      =  0.448975
tau_recomb/Mpc       =  280.94  tau_now/Mpc =  14188.4
at z =  0.000 sigma8 (all matter) =  0.8236
at z =  0.000 sigma8^2_vd/sigma8  =  0.4334
